<?xml version="1.0" encoding="UTF-8" ?>
<testsuite tests="5" failures="0" name="org.alias.axon.serializer.TypeDecoratableSerializerTest" time="0.021" errors="0" skipped="0">
  <properties>
[...]
</properties>
  <testcase classname="org.alias.axon.serializer.TypeDecoratableSerializerTest" name="useResolvableDeserializationObjectIfPresent" time="0.004"/>
  <testcase classname="org.alias.axon.serializer.TypeDecoratableSerializerTest" name="classForNameReturnsClassOfResolvedTypeIfPresent" time="0.004"/>
  <testcase classname="org.alias.axon.serializer.TypeDecoratableSerializerTest" name="alwaysDelegateEmptyDeserializedTypeToWrappedSerializer" time="0.005"/>
  <testcase classname="org.alias.axon.serializer.TypeDecoratableSerializerTest" name="alwaysDelegateNotResolvableDeserializedTypeToWrappedSerializer" time="0.007"/>
  <testcase classname="org.alias.axon.serializer.TypeDecoratableSerializerTest" name="alwaysDelegateNotResolvableDeserializationToWrappedSerializer" time="0.001"/>
</testsuite>